<?xml version="1.0" encoding="UTF-8"?>
<!-- Generated by org.testng.reporters.JUnitXMLReporter -->
<testsuite ignored="0" hostname="LAPTOP-48IMUM96" failures="0" tests="5" name="Default test" time="6.492" errors="0" timestamp="2025-11-20T22:58:47 IST">
  <testcase classname="com.flipkart.browserlaunch" name="getproduct" time="0.008"/>
  <testcase classname="com.flipkart.browserlaunch" name="mobile" time="0.001"/>
  <testcase classname="com.flipkart.browserlaunch" name="validation" time="0.001"/>
  <testcase classname="com.flipkart.browserlaunch" name="login" time="2.196"/>
  <testcase classname="com.flipkart.browserlaunch" name="search" time="2.229"/>
</testsuite> <!-- Default test -->
