<?xml version="1.0" encoding="UTF-8"?>
<!-- Generated by org.testng.reporters.JUnitXMLReporter -->
<testsuite ignored="0" hostname="LAPTOP-48IMUM96" failures="0" tests="5" name="Test" time="6.721" errors="0" timestamp="2025-11-20T22:56:06 IST">
  <testcase classname="com.flipkart.browserlaunch" name="getproduct" time="0.01"/>
  <testcase classname="com.flipkart.browserlaunch" name="mobile" time="0.002"/>
  <testcase classname="com.flipkart.browserlaunch" name="validation" time="0.001"/>
  <testcase classname="com.flipkart.browserlaunch" name="login" time="2.306"/>
  <testcase classname="com.flipkart.browserlaunch" name="search" time="2.328"/>
</testsuite> <!-- Test -->
