<?xml version="1.0" encoding="UTF-8"?>
<testng-results ignored="0" total="5" passed="4" failed="1" skipped="0">
  <reporter-output>
  </reporter-output>
  <suite started-at="2025-11-20T16:48:12 IST" name="Default suite" finished-at="2025-11-20T16:48:17 IST" duration-ms="4917">
    <groups>
    </groups>
    <test started-at="2025-11-20T16:48:12 IST" name="Default test" finished-at="2025-11-20T16:48:17 IST" duration-ms="4917">
      <class name="com.flipkart.Tvpurchase">
        <test-method is-config="true" signature="browserlaunch()[pri:0, instance:com.flipkart.Tvpurchase@10683d9d]" started-at="2025-11-20T16:48:12 IST" name="browserlaunch" finished-at="2025-11-20T16:48:17 IST" duration-ms="4804" status="PASS">
          <reporter-output>
          </reporter-output>
        </test-method> <!-- browserlaunch -->
        <test-method is-config="true" signature="starttime()[pri:0, instance:com.flipkart.Tvpurchase@10683d9d]" started-at="2025-11-20T16:48:17 IST" name="starttime" finished-at="2025-11-20T16:48:17 IST" duration-ms="2" status="PASS">
          <reporter-output>
          </reporter-output>
        </test-method> <!-- starttime -->
        <test-method signature="getproduct()[pri:0, instance:com.flipkart.Tvpurchase@10683d9d]" started-at="2025-11-20T16:48:17 IST" name="getproduct" finished-at="2025-11-20T16:48:17 IST" duration-ms="10" status="PASS">
          <reporter-output>
          </reporter-output>
        </test-method> <!-- getproduct -->
        <test-method is-config="true" signature="endTime()[pri:0, instance:com.flipkart.Tvpurchase@10683d9d]" started-at="2025-11-20T16:48:17 IST" name="endTime" finished-at="2025-11-20T16:48:17 IST" duration-ms="1" status="PASS">
          <reporter-output>
          </reporter-output>
        </test-method> <!-- endTime -->
        <test-method is-config="true" signature="starttime()[pri:0, instance:com.flipkart.Tvpurchase@10683d9d]" started-at="2025-11-20T16:48:17 IST" name="starttime" finished-at="2025-11-20T16:48:17 IST" duration-ms="1" status="PASS">
          <reporter-output>
          </reporter-output>
        </test-method> <!-- starttime -->
        <test-method signature="login()[pri:0, instance:com.flipkart.Tvpurchase@10683d9d]" started-at="2025-11-20T16:48:17 IST" name="login" finished-at="2025-11-20T16:48:17 IST" duration-ms="3" status="FAIL">
          <exception class="java.lang.NullPointerException">
            <message>
              <![CDATA[Cannot invoke "org.openqa.selenium.WebDriver.findElement(org.openqa.selenium.By)" because "com.flipkart.Tvpurchase.driver" is null]]>
            </message>
            <full-stacktrace>
              <![CDATA[java.lang.NullPointerException: Cannot invoke "org.openqa.selenium.WebDriver.findElement(org.openqa.selenium.By)" because "com.flipkart.Tvpurchase.driver" is null
at com.flipkart.Tvpurchase.login(Tvpurchase.java:49)
at java.base/jdk.internal.reflect.DirectMethodHandleAccessor.invoke(DirectMethodHandleAccessor.java:103)
at java.base/java.lang.reflect.Method.invoke(Method.java:580)
at org.testng.internal.invokers.MethodInvocationHelper.invokeMethod(MethodInvocationHelper.java:141)
at org.testng.internal.invokers.TestInvoker.invokeMethod(TestInvoker.java:687)
at org.testng.internal.invokers.TestInvoker.invokeTestMethod(TestInvoker.java:230)
at org.testng.internal.invokers.MethodRunner.runInSequence(MethodRunner.java:63)
at org.testng.internal.invokers.TestInvoker$MethodInvocationAgent.invoke(TestInvoker.java:995)
at org.testng.internal.invokers.TestInvoker.invokeTestMethods(TestInvoker.java:203)
at org.testng.internal.invokers.TestMethodWorker.invokeTestMethods(TestMethodWorker.java:154)
at org.testng.internal.invokers.TestMethodWorker.run(TestMethodWorker.java:134)
at java.base/java.util.ArrayList.forEach(ArrayList.java:1596)
at org.testng.TestRunner.privateRun(TestRunner.java:741)
at org.testng.TestRunner.run(TestRunner.java:616)
at org.testng.SuiteRunner.runTest(SuiteRunner.java:421)
at org.testng.SuiteRunner.runSequentially(SuiteRunner.java:413)
at org.testng.SuiteRunner.privateRun(SuiteRunner.java:373)
at org.testng.SuiteRunner.run(SuiteRunner.java:312)
at org.testng.SuiteRunnerWorker.runSuite(SuiteRunnerWorker.java:52)
at org.testng.SuiteRunnerWorker.run(SuiteRunnerWorker.java:95)
at org.testng.TestNG.runSuitesSequentially(TestNG.java:1274)
at org.testng.TestNG.runSuitesLocally(TestNG.java:1208)
at org.testng.TestNG.runSuites(TestNG.java:1112)
at org.testng.TestNG.run(TestNG.java:1079)
at org.testng.remote.AbstractRemoteTestNG.run(AbstractRemoteTestNG.java:115)
at org.testng.remote.RemoteTestNG.initAndRun(RemoteTestNG.java:293)
at org.testng.remote.RemoteTestNG.main(RemoteTestNG.java:91)
]]>
            </full-stacktrace>
          </exception> <!-- java.lang.NullPointerException -->
          <reporter-output>
          </reporter-output>
        </test-method> <!-- login -->
        <test-method is-config="true" signature="endTime()[pri:0, instance:com.flipkart.Tvpurchase@10683d9d]" started-at="2025-11-20T16:48:17 IST" name="endTime" finished-at="2025-11-20T16:48:17 IST" duration-ms="1" status="PASS">
          <reporter-output>
          </reporter-output>
        </test-method> <!-- endTime -->
        <test-method is-config="true" signature="starttime()[pri:0, instance:com.flipkart.Tvpurchase@10683d9d]" started-at="2025-11-20T16:48:17 IST" name="starttime" finished-at="2025-11-20T16:48:17 IST" duration-ms="1" status="PASS">
          <reporter-output>
          </reporter-output>
        </test-method> <!-- starttime -->
        <test-method signature="search()[pri:0, instance:com.flipkart.Tvpurchase@10683d9d]" started-at="2025-11-20T16:48:17 IST" name="search" finished-at="2025-11-20T16:48:17 IST" duration-ms="2" status="PASS">
          <reporter-output>
          </reporter-output>
        </test-method> <!-- search -->
        <test-method is-config="true" signature="endTime()[pri:0, instance:com.flipkart.Tvpurchase@10683d9d]" started-at="2025-11-20T16:48:17 IST" name="endTime" finished-at="2025-11-20T16:48:17 IST" duration-ms="0" status="PASS">
          <reporter-output>
          </reporter-output>
        </test-method> <!-- endTime -->
        <test-method is-config="true" signature="starttime()[pri:0, instance:com.flipkart.Tvpurchase@10683d9d]" started-at="2025-11-20T16:48:17 IST" name="starttime" finished-at="2025-11-20T16:48:17 IST" duration-ms="1" status="PASS">
          <reporter-output>
          </reporter-output>
        </test-method> <!-- starttime -->
        <test-method signature="validation()[pri:0, instance:com.flipkart.Tvpurchase@10683d9d]" started-at="2025-11-20T16:48:17 IST" name="validation" finished-at="2025-11-20T16:48:17 IST" duration-ms="1" status="PASS">
          <reporter-output>
          </reporter-output>
        </test-method> <!-- validation -->
        <test-method is-config="true" signature="endTime()[pri:0, instance:com.flipkart.Tvpurchase@10683d9d]" started-at="2025-11-20T16:48:17 IST" name="endTime" finished-at="2025-11-20T16:48:17 IST" duration-ms="1" status="PASS">
          <reporter-output>
          </reporter-output>
        </test-method> <!-- endTime -->
        <test-method signature="windowshandling()[pri:0, instance:com.flipkart.Tvpurchase@10683d9d]" started-at="2025-11-20T16:48:17 IST" name="windowshandling" finished-at="2025-11-20T16:48:17 IST" duration-ms="2" status="PASS">
          <reporter-output>
          </reporter-output>
        </test-method> <!-- windowshandling -->
        <test-method is-config="true" signature="starttime()[pri:0, instance:com.flipkart.Tvpurchase@10683d9d]" started-at="2025-11-20T16:48:17 IST" name="starttime" finished-at="2025-11-20T16:48:17 IST" duration-ms="0" status="PASS">
          <reporter-output>
          </reporter-output>
        </test-method> <!-- starttime -->
        <test-method is-config="true" signature="endTime()[pri:0, instance:com.flipkart.Tvpurchase@10683d9d]" started-at="2025-11-20T16:48:17 IST" name="endTime" finished-at="2025-11-20T16:48:17 IST" duration-ms="0" status="PASS">
          <reporter-output>
          </reporter-output>
        </test-method> <!-- endTime -->
        <test-method is-config="true" signature="browserquit()[pri:0, instance:com.flipkart.Tvpurchase@10683d9d]" started-at="2025-11-20T16:48:17 IST" name="browserquit" finished-at="2025-11-20T16:48:17 IST" duration-ms="1" status="FAIL">
          <exception class="java.lang.NullPointerException">
            <message>
              <![CDATA[Cannot invoke "org.openqa.selenium.WebDriver.quit()" because "com.flipkart.Tvpurchase.driver" is null]]>
            </message>
            <full-stacktrace>
              <![CDATA[java.lang.NullPointerException: Cannot invoke "org.openqa.selenium.WebDriver.quit()" because "com.flipkart.Tvpurchase.driver" is null
at com.flipkart.Tvpurchase.browserquit(Tvpurchase.java:30)
at java.base/jdk.internal.reflect.DirectMethodHandleAccessor.invoke(DirectMethodHandleAccessor.java:103)
at java.base/java.lang.reflect.Method.invoke(Method.java:580)
at org.testng.internal.invokers.MethodInvocationHelper.invokeMethod(MethodInvocationHelper.java:141)
at org.testng.internal.invokers.MethodInvocationHelper.invokeMethodConsideringTimeout(MethodInvocationHelper.java:71)
at org.testng.internal.invokers.ConfigInvoker.invokeConfigurationMethod(ConfigInvoker.java:400)
at org.testng.internal.invokers.ConfigInvoker.invokeConfigurations(ConfigInvoker.java:333)
at org.testng.internal.invokers.TestMethodWorker.invokeAfterClassConfigurations(TestMethodWorker.java:238)
at org.testng.internal.invokers.TestMethodWorker.invokeAfterClassMethods(TestMethodWorker.java:223)
at org.testng.internal.invokers.TestMethodWorker.run(TestMethodWorker.java:137)
at java.base/java.util.ArrayList.forEach(ArrayList.java:1596)
at org.testng.TestRunner.privateRun(TestRunner.java:741)
at org.testng.TestRunner.run(TestRunner.java:616)
at org.testng.SuiteRunner.runTest(SuiteRunner.java:421)
at org.testng.SuiteRunner.runSequentially(SuiteRunner.java:413)
at org.testng.SuiteRunner.privateRun(SuiteRunner.java:373)
at org.testng.SuiteRunner.run(SuiteRunner.java:312)
at org.testng.SuiteRunnerWorker.runSuite(SuiteRunnerWorker.java:52)
at org.testng.SuiteRunnerWorker.run(SuiteRunnerWorker.java:95)
at org.testng.TestNG.runSuitesSequentially(TestNG.java:1274)
at org.testng.TestNG.runSuitesLocally(TestNG.java:1208)
at org.testng.TestNG.runSuites(TestNG.java:1112)
at org.testng.TestNG.run(TestNG.java:1079)
at org.testng.remote.AbstractRemoteTestNG.run(AbstractRemoteTestNG.java:115)
at org.testng.remote.RemoteTestNG.initAndRun(RemoteTestNG.java:293)
at org.testng.remote.RemoteTestNG.main(RemoteTestNG.java:91)
]]>
            </full-stacktrace>
          </exception> <!-- java.lang.NullPointerException -->
          <reporter-output>
          </reporter-output>
        </test-method> <!-- browserquit -->
      </class> <!-- com.flipkart.Tvpurchase -->
    </test> <!-- Default test -->
  </suite> <!-- Default suite -->
</testng-results>
