<?xml version="1.0" encoding="UTF-8"?>
<testng-results ignored="0" total="5" passed="5" failed="0" skipped="0">
  <reporter-output>
  </reporter-output>
  <suite started-at="2025-11-20T22:58:41 IST" name="Default suite" finished-at="2025-11-20T22:58:47 IST" duration-ms="6492">
    <groups>
    </groups>
    <test started-at="2025-11-20T22:58:41 IST" name="Default test" finished-at="2025-11-20T22:58:47 IST" duration-ms="6492">
      <class name="com.flipkart.browserlaunch">
        <test-method is-config="true" signature="browserLaunch()[pri:0, instance:com.flipkart.browserlaunch@489115ef]" started-at="2025-11-20T22:58:41 IST" name="browserLaunch" finished-at="2025-11-20T22:58:43 IST" duration-ms="1624" status="PASS">
          <reporter-output>
          </reporter-output>
        </test-method> <!-- browserLaunch -->
        <test-method is-config="true" signature="starttime()[pri:0, instance:com.flipkart.browserlaunch@489115ef]" started-at="2025-11-20T22:58:43 IST" name="starttime" finished-at="2025-11-20T22:58:43 IST" duration-ms="2" status="PASS">
          <reporter-output>
          </reporter-output>
        </test-method> <!-- starttime -->
        <test-method signature="getproduct()[pri:0, instance:com.flipkart.browserlaunch@489115ef]" started-at="2025-11-20T22:58:43 IST" name="getproduct" finished-at="2025-11-20T22:58:43 IST" duration-ms="8" status="PASS">
          <reporter-output>
          </reporter-output>
        </test-method> <!-- getproduct -->
        <test-method is-config="true" signature="endTime()[pri:0, instance:com.flipkart.browserlaunch@489115ef]" started-at="2025-11-20T22:58:43 IST" name="endTime" finished-at="2025-11-20T22:58:43 IST" duration-ms="1" status="PASS">
          <reporter-output>
          </reporter-output>
        </test-method> <!-- endTime -->
        <test-method signature="mobile()[pri:0, instance:com.flipkart.browserlaunch@489115ef]" started-at="2025-11-20T22:58:43 IST" name="mobile" finished-at="2025-11-20T22:58:43 IST" duration-ms="1" status="PASS">
          <reporter-output>
          </reporter-output>
        </test-method> <!-- mobile -->
        <test-method is-config="true" signature="starttime()[pri:0, instance:com.flipkart.browserlaunch@489115ef]" started-at="2025-11-20T22:58:43 IST" name="starttime" finished-at="2025-11-20T22:58:43 IST" duration-ms="0" status="PASS">
          <reporter-output>
          </reporter-output>
        </test-method> <!-- starttime -->
        <test-method is-config="true" signature="endTime()[pri:0, instance:com.flipkart.browserlaunch@489115ef]" started-at="2025-11-20T22:58:43 IST" name="endTime" finished-at="2025-11-20T22:58:43 IST" duration-ms="0" status="PASS">
          <reporter-output>
          </reporter-output>
        </test-method> <!-- endTime -->
        <test-method signature="validation()[pri:0, instance:com.flipkart.browserlaunch@489115ef]" started-at="2025-11-20T22:58:43 IST" name="validation" finished-at="2025-11-20T22:58:43 IST" duration-ms="1" status="PASS">
          <reporter-output>
          </reporter-output>
        </test-method> <!-- validation -->
        <test-method is-config="true" signature="starttime()[pri:0, instance:com.flipkart.browserlaunch@489115ef]" started-at="2025-11-20T22:58:43 IST" name="starttime" finished-at="2025-11-20T22:58:43 IST" duration-ms="0" status="PASS">
          <reporter-output>
          </reporter-output>
        </test-method> <!-- starttime -->
        <test-method is-config="true" signature="endTime()[pri:0, instance:com.flipkart.browserlaunch@489115ef]" started-at="2025-11-20T22:58:43 IST" name="endTime" finished-at="2025-11-20T22:58:43 IST" duration-ms="0" status="PASS">
          <reporter-output>
          </reporter-output>
        </test-method> <!-- endTime -->
        <test-method is-config="true" signature="starttime()[pri:0, instance:com.flipkart.browserlaunch@489115ef]" started-at="2025-11-20T22:58:43 IST" name="starttime" finished-at="2025-11-20T22:58:43 IST" duration-ms="1" status="PASS">
          <reporter-output>
          </reporter-output>
        </test-method> <!-- starttime -->
        <test-method signature="login(java.lang.String)[pri:1, instance:com.flipkart.browserlaunch@489115ef]" started-at="2025-11-20T22:58:43 IST" name="login" finished-at="2025-11-20T22:58:45 IST" duration-ms="2196" status="PASS">
          <params>
            <param index="0">
              <value>
                <![CDATA[https://www.flipkart.com]]>
              </value>
            </param>
          </params>
          <reporter-output>
          </reporter-output>
        </test-method> <!-- login -->
        <test-method is-config="true" signature="endTime()[pri:0, instance:com.flipkart.browserlaunch@489115ef]" started-at="2025-11-20T22:58:45 IST" name="endTime" finished-at="2025-11-20T22:58:45 IST" duration-ms="0" status="PASS">
          <reporter-output>
          </reporter-output>
        </test-method> <!-- endTime -->
        <test-method is-config="true" signature="starttime()[pri:0, instance:com.flipkart.browserlaunch@489115ef]" started-at="2025-11-20T22:58:45 IST" name="starttime" finished-at="2025-11-20T22:58:45 IST" duration-ms="1" status="PASS">
          <reporter-output>
          </reporter-output>
        </test-method> <!-- starttime -->
        <test-method signature="search(java.lang.String)[pri:2, instance:com.flipkart.browserlaunch@489115ef]" started-at="2025-11-20T22:58:45 IST" name="search" data-provider="mobile" finished-at="2025-11-20T22:58:47 IST" duration-ms="2229" status="PASS">
          <params>
            <param index="0">
              <value>
                <![CDATA[realme]]>
              </value>
            </param>
          </params>
          <reporter-output>
          </reporter-output>
        </test-method> <!-- search -->
        <test-method is-config="true" signature="endTime()[pri:0, instance:com.flipkart.browserlaunch@489115ef]" started-at="2025-11-20T22:58:47 IST" name="endTime" finished-at="2025-11-20T22:58:47 IST" duration-ms="1" status="PASS">
          <reporter-output>
          </reporter-output>
        </test-method> <!-- endTime -->
        <test-method is-config="true" signature="browserquit()[pri:0, instance:com.flipkart.browserlaunch@489115ef]" started-at="2025-11-20T22:58:47 IST" name="browserquit" finished-at="2025-11-20T22:58:47 IST" duration-ms="360" status="PASS">
          <reporter-output>
          </reporter-output>
        </test-method> <!-- browserquit -->
      </class> <!-- com.flipkart.browserlaunch -->
    </test> <!-- Default test -->
  </suite> <!-- Default suite -->
</testng-results>
