<?xml version="1.0" encoding="UTF-8"?>
<!-- Generated by org.testng.reporters.JUnitReportReporter -->
<testsuite hostname="LAPTOP-48IMUM96" failures="0" tests="5" name="com.flipkart.browserlaunch" time="4.441" errors="0" timestamp="2025-11-20T22:58:48 IST" skipped="0">
  <testcase classname="com.flipkart.browserlaunch" name="validation" time="0.003"/>
  <testcase classname="com.flipkart.browserlaunch" name="getproduct" time="0.010"/>
  <testcase classname="com.flipkart.browserlaunch" name="mobile" time="0.001"/>
  <testcase classname="com.flipkart.browserlaunch" name="login" time="2.197"/>
  <testcase classname="com.flipkart.browserlaunch" name="search" time="2.230"/>
</testsuite> <!-- com.flipkart.browserlaunch -->
